error: El token no existe
error: El token no existe
error: El token no existe
error: undefined {"kind":"ObjectId","path":"_id","reason":{},"stringValue":"\"xxxxx\"","value":"xxxxx","valueType":"string"}
error: undefined
error: undefined
error: undefined
error: undefined
error: undefined
error: undefined
error: undefined
error: undefined
error: undefined
error: undefined
error: TODOS LOS CAMPOS SON OBLIGATORIOS
    CAMPOS REQUIRIDOS:
    - Title: undefined
    - Description: undefined
    - Price: undefined
    - Category: undefined
    - Code: undefined
    - Stock: 1500

    COMPLETA EL CAMPO QUE DICE UNDEFINED
    
error: undefined {"code":"ERR_HTTP_HEADERS_SENT"}
error: undefined
error: undefined
error: El id: 64cc4956b9f4762757cf23e3 que ingresaste es inexistente
error: El id: 64cc4956b9f4762757cf23e3 que ingresaste es inexistente
error: El id: 64cc4956b9f4762757cf23e3 que ingresaste es inexistente
error: El id: 64cc4956b9f4762757cf23e7 que ingresaste es inexistente
error: El id: 64cc4956b9f4762757cf23e6 que ingresaste es inexistente
error: El id: 64cc4956b9f4762757cf23e6 que ingresaste es inexistente
error: El id: 64cc4956b9f4762757cf23e6 que ingresaste es inexistente
error: El id: 64cc4956b9f4762757cf23e6 que ingresaste es inexistente
error: el usuario: nicor@gmail.com, no tiene los permisos necesarios para eliminar este producto
error: undefined {"kind":"ObjectId","path":"_id","reason":{},"stringValue":"\"65353f241c326085d721624p\"","value":"65353f241c326085d721624p","valueType":"string"}
error: undefined
error: undefined {"kind":"ObjectId","path":"_id","reason":{},"stringValue":"\"65353f241c326085d7216280e\"","value":"65353f241c326085d7216280e","valueType":"string"}
error: undefined
error: undefined
error: undefined
error: undefined
error: El id: 64cc4956b9f4762757cf23e5 que ingresaste es inexistente
error: undefined
error: El id: 6511e76c922311fc5fcbc50c que ingresaste es inexistente
error: El id: 6511e76c922311fc5fcbc50c que ingresaste es inexistente
error: Permisos denegados
error: el usuario: Ulises, no tiene los permisos necesarios para ser un Customer/Premium
error: El id: 65148e4f6c776ddf78558345 que ingresaste es inexistente
error: El id: 65148e4f6c776ddf78558345 que ingresaste es inexistente
error: el usuario: Ulises, no tiene los permisos necesarios para ser un Customer/Premium
error: el usuario: Ulises, no tiene los permisos necesarios para ser un Customer/Premium
error: undefined {"kind":"ObjectId","path":"_id","reason":{},"stringValue":"\"premium\"","value":"premium","valueType":"string"}
error: undefined {"kind":"ObjectId","path":"_id","reason":{},"stringValue":"\"premium\"","value":"premium","valueType":"string"}
error: undefined {"kind":"ObjectId","path":"_id","reason":{},"stringValue":"\"premium\"","value":"premium","valueType":"string"}
error: undefined {"kind":"ObjectId","path":"_id","reason":{},"stringValue":"\"premium\"","value":"premium","valueType":"string"}
error: undefined
error: undefined
error: undefined
error: undefined
error: undefined
error: undefined
error: undefined
error: undefined
error: undefined
error: undefined
error: undefined
error: undefined
error: undefined
error: undefined
error: undefined
error: undefined
error: undefined
error: undefined
error: undefined
error: No se ha podido conectar a la base de datos
error: undefined
error: undefined
error: undefined
error: undefined
error: undefined
error: El id: 6540070a87d87624cb95c069 que ingresaste es inexistente
error: undefined
error: undefined
error: undefined
error: undefined
error: undefined
error: undefined
error: undefined
error: undefined
error: undefined
error: undefined
error: undefined
error: undefined
error: undefined
error: undefined
error: undefined
error: undefined
error: undefined
error: undefined
error: undefined
error: undefined
error: undefined
error: undefined
error: undefined
error: undefined
error: undefined
error: undefined
error: undefined
error: undefined
error: undefined
error: undefined
error: undefined
error: TODOS LOS CAMPOS SON OBLIGATORIOS
    CAMPOS REQUIRIDOS:
    - First Name: Ramon
    - Last Name: Perez
    - Email: ramon@gmail.com
    - Age: 30
    - Role: undefined
    - Password: ramon12

    COMPLETA EL CAMPO QUE DICE UNDEFINED
    
error: TODOS LOS CAMPOS SON OBLIGATORIOS
    CAMPOS REQUIRIDOS:
    - First Name: Ramon
    - Last Name: Perez
    - Email: ramon@gmail.com
    - Age: 30
    - Role: undefined
    - Password: ramon12

    COMPLETA EL CAMPO QUE DICE UNDEFINED
    
error: TODOS LOS CAMPOS SON OBLIGATORIOS
    CAMPOS REQUIRIDOS:
    - First Name: Ramon
    - Last Name: Perez
    - Email: ramon@gmail.com
    - Age: 30
    - Role: undefined
    - Password: ramon12

    COMPLETA EL CAMPO QUE DICE UNDEFINED
    
error: TODOS LOS CAMPOS SON OBLIGATORIOS
    CAMPOS REQUIRIDOS:
    - First Name: Ramon
    - Last Name: Perez
    - Email: ramon@gmail.com
    - Age: 30
    - Role: undefined
    - Password: ramon12

    COMPLETA EL CAMPO QUE DICE UNDEFINED
    
